[2014-06-12 08:18:44] production.ERROR: exception 'InvalidArgumentException' with message 'View [hello] not found.' in D:\Workspace\Praxisseminar\ps-mediathekcrawler\src\laravel\bootstrap\compiled.php:9081
Stack trace:
#0 D:\Workspace\Praxisseminar\ps-mediathekcrawler\src\laravel\bootstrap\compiled.php(9054): Illuminate\View\FileViewFinder->findInPaths('hello', Array)
#1 D:\Workspace\Praxisseminar\ps-mediathekcrawler\src\laravel\vendor\laravel\framework\src\Illuminate\View\Factory.php(124): Illuminate\View\FileViewFinder->find('hello')
#2 D:\Workspace\Praxisseminar\ps-mediathekcrawler\src\laravel\bootstrap\compiled.php(3211): Illuminate\View\Factory->make('hello')
#3 D:\Workspace\Praxisseminar\ps-mediathekcrawler\src\laravel\app\routes.php(16): Illuminate\Support\Facades\Facade::__callStatic('make', Array)
#4 D:\Workspace\Praxisseminar\ps-mediathekcrawler\src\laravel\app\routes.php(16): Illuminate\Support\Facades\View::make('hello')
#5 [internal function]: {closure}()
#6 D:\Workspace\Praxisseminar\ps-mediathekcrawler\src\laravel\bootstrap\compiled.php(5084): call_user_func_array(Object(Closure), Array)
#7 D:\Workspace\Praxisseminar\ps-mediathekcrawler\src\laravel\bootstrap\compiled.php(4781): Illuminate\Routing\Route->run(Object(Illuminate\Http\Request))
#8 D:\Workspace\Praxisseminar\ps-mediathekcrawler\src\laravel\bootstrap\compiled.php(4769): Illuminate\Routing\Router->dispatchToRoute(Object(Illuminate\Http\Request))
#9 D:\Workspace\Praxisseminar\ps-mediathekcrawler\src\laravel\bootstrap\compiled.php(706): Illuminate\Routing\Router->dispatch(Object(Illuminate\Http\Request))
#10 D:\Workspace\Praxisseminar\ps-mediathekcrawler\src\laravel\bootstrap\compiled.php(687): Illuminate\Foundation\Application->dispatch(Object(Illuminate\Http\Request))
#11 D:\Workspace\Praxisseminar\ps-mediathekcrawler\src\laravel\bootstrap\compiled.php(7418): Illuminate\Foundation\Application->handle(Object(Illuminate\Http\Request), 1, true)
#12 D:\Workspace\Praxisseminar\ps-mediathekcrawler\src\laravel\bootstrap\compiled.php(8024): Illuminate\Session\Middleware->handle(Object(Illuminate\Http\Request), 1, true)
#13 D:\Workspace\Praxisseminar\ps-mediathekcrawler\src\laravel\bootstrap\compiled.php(7971): Illuminate\Cookie\Queue->handle(Object(Illuminate\Http\Request), 1, true)
#14 D:\Workspace\Praxisseminar\ps-mediathekcrawler\src\laravel\bootstrap\compiled.php(10586): Illuminate\Cookie\Guard->handle(Object(Illuminate\Http\Request), 1, true)
#15 D:\Workspace\Praxisseminar\ps-mediathekcrawler\src\laravel\bootstrap\compiled.php(648): Stack\StackedHttpKernel->handle(Object(Illuminate\Http\Request))
#16 D:\Workspace\Praxisseminar\ps-mediathekcrawler\src\laravel\public\index.php(49): Illuminate\Foundation\Application->run()
#17 {main} [] []
